<?xml version="1.0" encoding="UTF-8"?>
<!-- Generated by org.testng.reporters.JUnitReportReporter -->
<testsuite hostname="knoldus-Latitude-3510" failures="0" tests="2" name="testcase.Test" time="8.706" errors="0" timestamp="2022-07-07T12:46:21 IST" skipped="0">
  <testcase classname="testcase.Test" name="loginTest2" time="4.225"/>
  <system-out/>
  <testcase classname="testcase.Test" name="loginTest1" time="4.481"/>
  <system-out/>
</testsuite> <!-- testcase.Test -->
